<?xml version="1.0" encoding="UTF-8"?>
<testng-results ignored="0" total="1" passed="1" failed="0" skipped="0">
  <reporter-output>
  </reporter-output>
  <suite started-at="2023-08-23T21:40:22 EDT" name="Default suite" finished-at="2023-08-23T21:40:29 EDT" duration-ms="7516">
    <groups>
    </groups>
    <test started-at="2023-08-23T21:40:22 EDT" name="Default test" finished-at="2023-08-23T21:40:29 EDT" duration-ms="7516">
      <class name="com.happyday.dhaka.testclass6">
        <test-method signature="ruun()[pri:0, instance:com.happyday.dhaka.testclass6@5e600dd5]" started-at="2023-08-23T21:40:22 EDT" name="ruun" finished-at="2023-08-23T21:40:29 EDT" duration-ms="7467" status="PASS">
          <reporter-output>
          </reporter-output>
        </test-method> <!-- ruun -->
      </class> <!-- com.happyday.dhaka.testclass6 -->
    </test> <!-- Default test -->
  </suite> <!-- Default suite -->
</testng-results>
